Performing C SOURCE FILE Test CMAKE_HAVE_LIBC_PTHREAD failed with the following output:
Change Dir: /media/iftkhr/Iftakhar/Robotics/ROS/two-wheeled-robot/simulation_ws/build/CMakeFiles/CMakeTmp

Run Build Command(s):/usr/bin/make cmTC_efcfe/fast && /usr/bin/make -f CMakeFiles/cmTC_efcfe.dir/build.make CMakeFiles/cmTC_efcfe.dir/build
make[1]: Entering directory '/media/iftkhr/Iftakhar/Robotics/ROS/two-wheeled-robot/simulation_ws/build/CMakeFiles/CMakeTmp'
Building C object CMakeFiles/cmTC_efcfe.dir/src.c.o
/usr/bin/cc   -DCMAKE_HAVE_LIBC_PTHREAD   -o CMakeFiles/cmTC_efcfe.dir/src.c.o   -c /media/iftkhr/Iftakhar/Robotics/ROS/two-wheeled-robot/simulation_ws/build/CMakeFiles/CMakeTmp/src.c
Linking C executable cmTC_efcfe
/usr/bin/cmake -E cmake_link_script CMakeFiles/cmTC_efcfe.dir/link.txt --verbose=1
/usr/bin/cc  -DCMAKE_HAVE_LIBC_PTHREAD    -rdynamic CMakeFiles/cmTC_efcfe.dir/src.c.o  -o cmTC_efcfe 
/usr/bin/ld: CMakeFiles/cmTC_efcfe.dir/src.c.o: in function `main':
src.c:(.text+0x46): undefined reference to `pthread_create'
/usr/bin/ld: src.c:(.text+0x52): undefined reference to `pthread_detach'
/usr/bin/ld: src.c:(.text+0x63): undefined reference to `pthread_join'
collect2: error: ld returned 1 exit status
make[1]: *** [CMakeFiles/cmTC_efcfe.dir/build.make:87: cmTC_efcfe] Error 1
make[1]: Leaving directory '/media/iftkhr/Iftakhar/Robotics/ROS/two-wheeled-robot/simulation_ws/build/CMakeFiles/CMakeTmp'
make: *** [Makefile:121: cmTC_efcfe/fast] Error 2


Source file was:
#include <pthread.h>

void* test_func(void* data)
{
  return data;
}

int main(void)
{
  pthread_t thread;
  pthread_create(&thread, NULL, test_func, NULL);
  pthread_detach(thread);
  pthread_join(thread, NULL);
  pthread_atfork(NULL, NULL, NULL);
  pthread_exit(NULL);

  return 0;
}

Determining if the function pthread_create exists in the pthreads failed with the following output:
Change Dir: /media/iftkhr/Iftakhar/Robotics/ROS/two-wheeled-robot/simulation_ws/build/CMakeFiles/CMakeTmp

Run Build Command(s):/usr/bin/make cmTC_12ca8/fast && /usr/bin/make -f CMakeFiles/cmTC_12ca8.dir/build.make CMakeFiles/cmTC_12ca8.dir/build
make[1]: Entering directory '/media/iftkhr/Iftakhar/Robotics/ROS/two-wheeled-robot/simulation_ws/build/CMakeFiles/CMakeTmp'
Building C object CMakeFiles/cmTC_12ca8.dir/CheckFunctionExists.c.o
/usr/bin/cc   -DCHECK_FUNCTION_EXISTS=pthread_create   -o CMakeFiles/cmTC_12ca8.dir/CheckFunctionExists.c.o   -c /usr/share/cmake-3.16/Modules/CheckFunctionExists.c
Linking C executable cmTC_12ca8
/usr/bin/cmake -E cmake_link_script CMakeFiles/cmTC_12ca8.dir/link.txt --verbose=1
/usr/bin/cc  -DCHECK_FUNCTION_EXISTS=pthread_create    -rdynamic CMakeFiles/cmTC_12ca8.dir/CheckFunctionExists.c.o  -o cmTC_12ca8  -lpthreads 
/usr/bin/ld: cannot find -lpthreads
collect2: error: ld returned 1 exit status
make[1]: *** [CMakeFiles/cmTC_12ca8.dir/build.make:87: cmTC_12ca8] Error 1
make[1]: Leaving directory '/media/iftkhr/Iftakhar/Robotics/ROS/two-wheeled-robot/simulation_ws/build/CMakeFiles/CMakeTmp'
make: *** [Makefile:121: cmTC_12ca8/fast] Error 2



